2026-01-21 01:11:54,717 [INFO] App start (platform=windows)
2026-01-21 01:11:54,797 [INFO] STATUS: Embedded preview disabled
2026-01-21 01:11:54,817 [INFO] STATUS: Global hotkey registered: Ctrl+Shift+A
2026-01-21 01:11:54,817 [INFO] Hotkey registered thread id=1
2026-01-21 01:11:54,817 [INFO] STATUS: Preview uses external browser (Open Preview)
2026-01-21 01:11:59,617 [INFO] Capture screenshot requested
2026-01-21 01:11:59,887 [INFO] Screen geometry: PySide6.QtCore.QRect(0, 0, 1792, 1120)
2026-01-21 01:11:59,887 [INFO] Overlay geometry x=0 y=0 w=1792 h=1120
2026-01-21 01:11:59,887 [INFO] Overlay shown



PS C:\software\PythonVersion> python app.py
QWindowsWindow::setMouseGrabEnabled: Not setting mouse grab for invisible window QWidgetWindow/'ScreenshotOverlayClassWindow'2026-01-21 01:17:28,928 [INFO] App start (platform=windows)
2026-01-21 01:17:29,018 [INFO] STATUS: Embedded preview disabled
2026-01-21 01:17:29,038 [INFO] STATUS: Global hotkey registered: Ctrl+Shift+A
2026-01-21 01:17:29,038 [INFO] Hotkey registered thread id=1
2026-01-21 01:17:29,038 [INFO] STATUS: Preview uses external browser (Open Preview)
2026-01-21 01:17:38,279 [INFO] Capture screenshot requested
2026-01-21 01:17:38,558 [INFO] Screen geometry: PySide6.QtCore.QRect(0, 0, 1792, 1120)
2026-01-21 01:17:38,558 [INFO] Overlay geometry x=0 y=0 w=1792 h=1120
2026-01-21 01:17:38,558 [INFO] Overlay shown
2026-01-21 01:17:40,408 [INFO] Overlay mouse press at PySide6.QtCore.QPoint(336, 323)
2026-01-21 01:17:42,218 [INFO] Overlay mouse release rect=PySide6.QtCore.QRect(209, 299, 127, 24)
2026-01-21 01:17:42,218 [INFO] Screenshot selection x=209 y=299 w=127 h=24
2026-01-21 01:23:08,515 [INFO] App start (platform=windows)
2026-01-21 01:23:08,586 [INFO] STATUS: Embedded preview disabled
2026-01-21 01:23:08,596 [INFO] STATUS: Global hotkey registered: Ctrl+Shift+A
2026-01-21 01:23:08,596 [INFO] Hotkey registered thread id=1
2026-01-21 01:23:08,596 [INFO] STATUS: Preview uses external browser (Open Preview)
2026-01-21 01:23:15,477 [INFO] Capture screenshot requested
2026-01-21 01:23:15,756 [INFO] Screen geometry: PySide6.QtCore.QRect(0, 0, 1792, 1120)
2026-01-21 01:23:15,756 [INFO] Overlay geometry x=0 y=0 w=1792 h=1120
2026-01-21 01:23:15,756 [INFO] Overlay shown
2026-01-21 01:23:18,166 [INFO] Overlay mouse press at PySide6.QtCore.QPoint(210, 299)
2026-01-21 01:23:19,797 [INFO] Overlay mouse release rect=PySide6.QtCore.QRect(210, 299, 110, 18)
2026-01-21 01:23:19,797 [INFO] Screenshot selection x=210 y=299 w=110 h=18
2026-01-21 01:23:19,815 [INFO] Scheduling grab in 150ms
2026-01-21 01:23:19,965 [INFO] Grab screenshot start rect=PySide6.QtCore.QRect(210, 299, 110, 18)
2026-01-21 01:23:19,965 [INFO] Grab rect (scaled) x=420 y=598 w=220 h=36 ratio=2.0
2026-01-21 01:23:20,035 [INFO] STATUS: Sending OCR request...
2026-01-21 01:23:25,795 [INFO] STATUS: OCR completed
2026-01-21 01:23:58,381 [INFO] Capture screenshot requested
2026-01-21 01:23:58,652 [INFO] Screen geometry: PySide6.QtCore.QRect(0, 0, 1792, 1120)
2026-01-21 01:23:58,652 [INFO] Overlay geometry x=0 y=0 w=1792 h=1120
2026-01-21 01:23:58,660 [INFO] Overlay shown
2026-01-21 01:23:59,882 [INFO] Overlay mouse press at PySide6.QtCore.QPoint(712, 747)
2026-01-21 01:24:02,430 [INFO] Overlay mouse release rect=PySide6.QtCore.QRect(712, 747, 240, 102)
2026-01-21 01:24:02,430 [INFO] Screenshot selection x=712 y=747 w=240 h=102
2026-01-21 01:24:02,440 [INFO] Scheduling grab in 150ms
2026-01-21 01:24:02,602 [INFO] Grab screenshot start rect=PySide6.QtCore.QRect(712, 747, 240, 102)
2026-01-21 01:24:02,602 [INFO] Grab rect (scaled) x=1424 y=1494 w=480 h=204 ratio=2.0
2026-01-21 01:24:02,660 [INFO] STATUS: Sending OCR request...
2026-01-21 01:24:06,560 [INFO] STATUS: OCR completed
